<?xml version="1.0" encoding="UTF-8"?>
<!-- Generated by org.testng.reporters.JUnitXMLReporter -->
<testsuite ignored="0" hostname="vietnam-4113" failures="0" tests="4" name="LoginTest" time="46.557" errors="0" timestamp="2022-12-02T12:05:21 ICT">
  <testcase classname="com.ag.selenium.testCases.TC_Login_001" name="login_001" time="1.494"/>
  <testcase classname="com.ag.selenium.testCases.TC_Login_001" name="login_001" time="1.083"/>
  <testcase classname="com.ag.selenium.testCases.TC_Login_002" name="login_002" time="13.782"/>
  <testcase classname="com.ag.selenium.testCases.TC_Login_003" name="login_003" time="11.058"/>
</testsuite> <!-- LoginTest -->
