<?xml version="1.0" encoding="UTF-8"?>
<testng-results ignored="0" total="4" passed="4" failed="0" skipped="0">
  <reporter-output>
  </reporter-output>
  <suite started-at="2022-12-02T12:04:34 ICT" name="demo" finished-at="2022-12-02T12:05:21 ICT" duration-ms="46557">
    <groups>
    </groups>
    <test started-at="2022-12-02T12:04:34 ICT" name="LoginTest" finished-at="2022-12-02T12:05:21 ICT" duration-ms="46557">
      <class name="com.ag.selenium.testCases.TC_Login_001">
        <test-method is-config="true" signature="setup(java.lang.String)[pri:0, instance:com.ag.selenium.testCases.TC_Login_001@4ec4f3a0]" started-at="2022-12-02T12:04:35 ICT" name="setup" finished-at="2022-12-02T12:04:41 ICT" duration-ms="6405" status="PASS">
          <params>
            <param index="0">
              <value>
                <![CDATA[chrome]]>
              </value>
            </param>
          </params>
          <reporter-output>
          </reporter-output>
        </test-method> <!-- setup -->
        <test-method signature="login_001(java.lang.String,java.lang.String)[pri:0, instance:com.ag.selenium.testCases.TC_Login_001@4ec4f3a0]" started-at="2022-12-02T12:04:43 ICT" name="login_001" data-provider="LoginData" finished-at="2022-12-02T12:04:44 ICT" duration-ms="1494" status="PASS">
          <params>
            <param index="0">
              <value>
                <![CDATA[username1]]>
              </value>
            </param>
            <param index="1">
              <value>
                <![CDATA[password1]]>
              </value>
            </param>
          </params>
          <reporter-output>
          </reporter-output>
        </test-method> <!-- login_001 -->
        <test-method signature="login_001(java.lang.String,java.lang.String)[pri:0, instance:com.ag.selenium.testCases.TC_Login_001@4ec4f3a0]" started-at="2022-12-02T12:04:44 ICT" name="login_001" data-provider="LoginData" finished-at="2022-12-02T12:04:45 ICT" duration-ms="1083" status="PASS">
          <params>
            <param index="0">
              <value>
                <![CDATA[username2]]>
              </value>
            </param>
            <param index="1">
              <value>
                <![CDATA[password2]]>
              </value>
            </param>
          </params>
          <reporter-output>
          </reporter-output>
        </test-method> <!-- login_001 -->
        <test-method is-config="true" signature="tearDown()[pri:0, instance:com.ag.selenium.testCases.TC_Login_001@4ec4f3a0]" started-at="2022-12-02T12:04:45 ICT" name="tearDown" finished-at="2022-12-02T12:04:46 ICT" duration-ms="549" status="PASS">
          <reporter-output>
          </reporter-output>
        </test-method> <!-- tearDown -->
      </class> <!-- com.ag.selenium.testCases.TC_Login_001 -->
      <class name="com.ag.selenium.testCases.TC_Login_003">
        <test-method is-config="true" signature="setup(java.lang.String)[pri:0, instance:com.ag.selenium.testCases.TC_Login_003@1a482e36]" started-at="2022-12-02T12:05:06 ICT" name="setup" finished-at="2022-12-02T12:05:09 ICT" duration-ms="3615" status="PASS">
          <params>
            <param index="0">
              <value>
                <![CDATA[chrome]]>
              </value>
            </param>
          </params>
          <reporter-output>
          </reporter-output>
        </test-method> <!-- setup -->
        <test-method signature="login_003()[pri:0, instance:com.ag.selenium.testCases.TC_Login_003@1a482e36]" started-at="2022-12-02T12:05:09 ICT" name="login_003" finished-at="2022-12-02T12:05:20 ICT" duration-ms="11058" status="PASS">
          <reporter-output>
          </reporter-output>
        </test-method> <!-- login_003 -->
        <test-method is-config="true" signature="tearDown()[pri:0, instance:com.ag.selenium.testCases.TC_Login_003@1a482e36]" started-at="2022-12-02T12:05:20 ICT" name="tearDown" finished-at="2022-12-02T12:05:21 ICT" duration-ms="277" status="PASS">
          <reporter-output>
          </reporter-output>
        </test-method> <!-- tearDown -->
      </class> <!-- com.ag.selenium.testCases.TC_Login_003 -->
      <class name="com.ag.selenium.testCases.TC_Login_002">
        <test-method is-config="true" signature="setup(java.lang.String)[pri:0, instance:com.ag.selenium.testCases.TC_Login_002@67c27493]" started-at="2022-12-02T12:04:46 ICT" name="setup" finished-at="2022-12-02T12:04:52 ICT" duration-ms="5652" status="PASS">
          <params>
            <param index="0">
              <value>
                <![CDATA[chrome]]>
              </value>
            </param>
          </params>
          <reporter-output>
          </reporter-output>
        </test-method> <!-- setup -->
        <test-method signature="login_002()[pri:0, instance:com.ag.selenium.testCases.TC_Login_002@67c27493]" started-at="2022-12-02T12:04:52 ICT" name="login_002" finished-at="2022-12-02T12:05:05 ICT" duration-ms="13782" status="PASS">
          <reporter-output>
          </reporter-output>
        </test-method> <!-- login_002 -->
        <test-method is-config="true" signature="tearDown()[pri:0, instance:com.ag.selenium.testCases.TC_Login_002@67c27493]" started-at="2022-12-02T12:05:05 ICT" name="tearDown" finished-at="2022-12-02T12:05:06 ICT" duration-ms="257" status="PASS">
          <reporter-output>
          </reporter-output>
        </test-method> <!-- tearDown -->
      </class> <!-- com.ag.selenium.testCases.TC_Login_002 -->
    </test> <!-- LoginTest -->
  </suite> <!-- demo -->
</testng-results>
