<?xml version="1.0" encoding="UTF-8"?>
<!-- Generated by org.testng.reporters.JUnitXMLReporter -->
<testsuite ignored="0" hostname="vietnam-4113" failures="0" tests="4" name="LoginTest" time="68.216" errors="0" timestamp="2022-12-05T13:59:43 ICT">
  <testcase classname="com.ag.selenium.testCases.TC_Login_001" name="login_001" time="5.164"/>
  <testcase classname="com.ag.selenium.testCases.TC_Login_001" name="login_001" time="0.92"/>
  <testcase classname="com.ag.selenium.testCases.TC_Login_002" name="login_002" time="25.993"/>
  <testcase classname="com.ag.selenium.testCases.TC_Login_003" name="login_003" time="16.614"/>
</testsuite> <!-- LoginTest -->
