<?xml version="1.0" encoding="UTF-8"?>
<!-- Generated by org.testng.reporters.JUnitXMLReporter -->
<testsuite ignored="0" hostname="vietnam-4113" failures="0" tests="4" name="LoginTest" time="42.471" errors="0" timestamp="2022-12-02T12:02:36 ICT">
  <testcase classname="com.ag.selenium.testCases.TC_Login_001" name="login_001" time="1.397"/>
  <testcase classname="com.ag.selenium.testCases.TC_Login_001" name="login_001" time="0.615"/>
  <testcase classname="com.ag.selenium.testCases.TC_Login_002" name="login_002" time="12.298"/>
  <testcase classname="com.ag.selenium.testCases.TC_Login_003" name="login_003" time="14.478"/>
</testsuite> <!-- LoginTest -->
