<?xml version="1.0" encoding="UTF-8"?>
<testng-results ignored="0" total="4" passed="4" failed="0" skipped="0">
  <reporter-output>
  </reporter-output>
  <suite started-at="2022-12-05T13:58:34 ICT" name="demo" finished-at="2022-12-05T13:59:43 ICT" duration-ms="68216">
    <groups>
    </groups>
    <test started-at="2022-12-05T13:58:34 ICT" name="LoginTest" finished-at="2022-12-05T13:59:43 ICT" duration-ms="68216">
      <class name="com.ag.selenium.testCases.TC_Login_001">
        <test-method is-config="true" signature="setup(java.lang.String)[pri:0, instance:com.ag.selenium.testCases.TC_Login_001@740cae06]" started-at="2022-12-05T13:58:35 ICT" name="setup" finished-at="2022-12-05T13:58:41 ICT" duration-ms="6164" status="PASS">
          <params>
            <param index="0">
              <value>
                <![CDATA[chrome]]>
              </value>
            </param>
          </params>
          <reporter-output>
          </reporter-output>
        </test-method> <!-- setup -->
        <test-method signature="login_001(java.lang.String,java.lang.String)[pri:0, instance:com.ag.selenium.testCases.TC_Login_001@740cae06]" started-at="2022-12-05T13:58:42 ICT" name="login_001" data-provider="LoginData" finished-at="2022-12-05T13:58:47 ICT" duration-ms="5164" status="PASS">
          <params>
            <param index="0">
              <value>
                <![CDATA[username1]]>
              </value>
            </param>
            <param index="1">
              <value>
                <![CDATA[password1]]>
              </value>
            </param>
          </params>
          <reporter-output>
          </reporter-output>
        </test-method> <!-- login_001 -->
        <test-method signature="login_001(java.lang.String,java.lang.String)[pri:0, instance:com.ag.selenium.testCases.TC_Login_001@740cae06]" started-at="2022-12-05T13:58:47 ICT" name="login_001" data-provider="LoginData" finished-at="2022-12-05T13:58:48 ICT" duration-ms="920" status="PASS">
          <params>
            <param index="0">
              <value>
                <![CDATA[username2]]>
              </value>
            </param>
            <param index="1">
              <value>
                <![CDATA[password2]]>
              </value>
            </param>
          </params>
          <reporter-output>
          </reporter-output>
        </test-method> <!-- login_001 -->
        <test-method is-config="true" signature="tearDown()[pri:0, instance:com.ag.selenium.testCases.TC_Login_001@740cae06]" started-at="2022-12-05T13:58:48 ICT" name="tearDown" finished-at="2022-12-05T13:58:49 ICT" duration-ms="553" status="PASS">
          <reporter-output>
          </reporter-output>
        </test-method> <!-- tearDown -->
      </class> <!-- com.ag.selenium.testCases.TC_Login_001 -->
      <class name="com.ag.selenium.testCases.TC_Login_003">
        <test-method is-config="true" signature="setup(java.lang.String)[pri:0, instance:com.ag.selenium.testCases.TC_Login_003@6892b3b6]" started-at="2022-12-05T13:59:21 ICT" name="setup" finished-at="2022-12-05T13:59:25 ICT" duration-ms="4659" status="PASS">
          <params>
            <param index="0">
              <value>
                <![CDATA[chrome]]>
              </value>
            </param>
          </params>
          <reporter-output>
          </reporter-output>
        </test-method> <!-- setup -->
        <test-method signature="login_003()[pri:0, instance:com.ag.selenium.testCases.TC_Login_003@6892b3b6]" started-at="2022-12-05T13:59:25 ICT" name="login_003" description="should login successfully" finished-at="2022-12-05T13:59:42 ICT" duration-ms="16614" status="PASS">
          <reporter-output>
          </reporter-output>
        </test-method> <!-- login_003 -->
        <test-method is-config="true" signature="tearDown()[pri:0, instance:com.ag.selenium.testCases.TC_Login_003@6892b3b6]" started-at="2022-12-05T13:59:42 ICT" name="tearDown" finished-at="2022-12-05T13:59:43 ICT" duration-ms="622" status="PASS">
          <reporter-output>
          </reporter-output>
        </test-method> <!-- tearDown -->
      </class> <!-- com.ag.selenium.testCases.TC_Login_003 -->
      <class name="com.ag.selenium.testCases.TC_Login_002">
        <test-method is-config="true" signature="setup(java.lang.String)[pri:0, instance:com.ag.selenium.testCases.TC_Login_002@11392934]" started-at="2022-12-05T13:58:49 ICT" name="setup" finished-at="2022-12-05T13:58:54 ICT" duration-ms="5400" status="PASS">
          <params>
            <param index="0">
              <value>
                <![CDATA[chrome]]>
              </value>
            </param>
          </params>
          <reporter-output>
          </reporter-output>
        </test-method> <!-- setup -->
        <test-method signature="login_002()[pri:0, instance:com.ag.selenium.testCases.TC_Login_002@11392934]" started-at="2022-12-05T13:58:54 ICT" name="login_002" finished-at="2022-12-05T13:59:20 ICT" duration-ms="25993" status="PASS">
          <reporter-output>
          </reporter-output>
        </test-method> <!-- login_002 -->
        <test-method is-config="true" signature="tearDown()[pri:0, instance:com.ag.selenium.testCases.TC_Login_002@11392934]" started-at="2022-12-05T13:59:20 ICT" name="tearDown" finished-at="2022-12-05T13:59:21 ICT" duration-ms="341" status="PASS">
          <reporter-output>
          </reporter-output>
        </test-method> <!-- tearDown -->
      </class> <!-- com.ag.selenium.testCases.TC_Login_002 -->
    </test> <!-- LoginTest -->
  </suite> <!-- demo -->
</testng-results>
