<?xml version="1.0" encoding="UTF-8"?>
<testng-results ignored="0" total="4" passed="4" failed="0" skipped="0">
  <reporter-output>
  </reporter-output>
  <suite started-at="2022-12-02T12:01:53 ICT" name="demo" finished-at="2022-12-02T12:02:36 ICT" duration-ms="42471">
    <groups>
    </groups>
    <test started-at="2022-12-02T12:01:53 ICT" name="LoginTest" finished-at="2022-12-02T12:02:36 ICT" duration-ms="42471">
      <class name="com.ag.selenium.testCases.TC_Login_001">
        <test-method is-config="true" signature="setup(java.lang.String)[pri:0, instance:com.ag.selenium.testCases.TC_Login_001@4be29ed9]" started-at="2022-12-02T12:01:54 ICT" name="setup" finished-at="2022-12-02T12:01:58 ICT" duration-ms="4473" status="PASS">
          <params>
            <param index="0">
              <value>
                <![CDATA[chrome]]>
              </value>
            </param>
          </params>
          <reporter-output>
          </reporter-output>
        </test-method> <!-- setup -->
        <test-method signature="login_001(java.lang.String,java.lang.String)[pri:0, instance:com.ag.selenium.testCases.TC_Login_001@4be29ed9]" started-at="2022-12-02T12:02:00 ICT" name="login_001" data-provider="LoginData" finished-at="2022-12-02T12:02:01 ICT" duration-ms="1397" status="PASS">
          <params>
            <param index="0">
              <value>
                <![CDATA[username1]]>
              </value>
            </param>
            <param index="1">
              <value>
                <![CDATA[password1]]>
              </value>
            </param>
          </params>
          <reporter-output>
          </reporter-output>
        </test-method> <!-- login_001 -->
        <test-method signature="login_001(java.lang.String,java.lang.String)[pri:0, instance:com.ag.selenium.testCases.TC_Login_001@4be29ed9]" started-at="2022-12-02T12:02:01 ICT" name="login_001" data-provider="LoginData" finished-at="2022-12-02T12:02:02 ICT" duration-ms="615" status="PASS">
          <params>
            <param index="0">
              <value>
                <![CDATA[username2]]>
              </value>
            </param>
            <param index="1">
              <value>
                <![CDATA[password2]]>
              </value>
            </param>
          </params>
          <reporter-output>
          </reporter-output>
        </test-method> <!-- login_001 -->
        <test-method is-config="true" signature="tearDown()[pri:0, instance:com.ag.selenium.testCases.TC_Login_001@4be29ed9]" started-at="2022-12-02T12:02:02 ICT" name="tearDown" finished-at="2022-12-02T12:02:02 ICT" duration-ms="406" status="PASS">
          <reporter-output>
          </reporter-output>
        </test-method> <!-- tearDown -->
      </class> <!-- com.ag.selenium.testCases.TC_Login_001 -->
      <class name="com.ag.selenium.testCases.TC_Login_003">
        <test-method is-config="true" signature="setup(java.lang.String)[pri:0, instance:com.ag.selenium.testCases.TC_Login_003@350aac89]" started-at="2022-12-02T12:02:18 ICT" name="setup" finished-at="2022-12-02T12:02:21 ICT" duration-ms="3316" status="PASS">
          <params>
            <param index="0">
              <value>
                <![CDATA[chrome]]>
              </value>
            </param>
          </params>
          <reporter-output>
          </reporter-output>
        </test-method> <!-- setup -->
        <test-method signature="login_003()[pri:0, instance:com.ag.selenium.testCases.TC_Login_003@350aac89]" started-at="2022-12-02T12:02:21 ICT" name="login_003" finished-at="2022-12-02T12:02:35 ICT" duration-ms="14478" status="PASS">
          <reporter-output>
          </reporter-output>
        </test-method> <!-- login_003 -->
        <test-method is-config="true" signature="tearDown()[pri:0, instance:com.ag.selenium.testCases.TC_Login_003@350aac89]" started-at="2022-12-02T12:02:35 ICT" name="tearDown" finished-at="2022-12-02T12:02:36 ICT" duration-ms="393" status="PASS">
          <reporter-output>
          </reporter-output>
        </test-method> <!-- tearDown -->
      </class> <!-- com.ag.selenium.testCases.TC_Login_003 -->
      <class name="com.ag.selenium.testCases.TC_Login_002">
        <test-method is-config="true" signature="setup(java.lang.String)[pri:0, instance:com.ag.selenium.testCases.TC_Login_002@75437611]" started-at="2022-12-02T12:02:02 ICT" name="setup" finished-at="2022-12-02T12:02:05 ICT" duration-ms="2855" status="PASS">
          <params>
            <param index="0">
              <value>
                <![CDATA[chrome]]>
              </value>
            </param>
          </params>
          <reporter-output>
          </reporter-output>
        </test-method> <!-- setup -->
        <test-method signature="login_002()[pri:0, instance:com.ag.selenium.testCases.TC_Login_002@75437611]" started-at="2022-12-02T12:02:05 ICT" name="login_002" finished-at="2022-12-02T12:02:17 ICT" duration-ms="12298" status="PASS">
          <reporter-output>
          </reporter-output>
        </test-method> <!-- login_002 -->
        <test-method is-config="true" signature="tearDown()[pri:0, instance:com.ag.selenium.testCases.TC_Login_002@75437611]" started-at="2022-12-02T12:02:17 ICT" name="tearDown" finished-at="2022-12-02T12:02:18 ICT" duration-ms="483" status="PASS">
          <reporter-output>
          </reporter-output>
        </test-method> <!-- tearDown -->
      </class> <!-- com.ag.selenium.testCases.TC_Login_002 -->
    </test> <!-- LoginTest -->
  </suite> <!-- demo -->
</testng-results>
